INFO:root:Storing results in bo_test.pdfresults/
INFO:root:generating initial values for bayesian optimization
INFO:root:====================
INFO:root:Evaluation iteration: 1
INFO:root:Lambda :[[-4.76165809]]C_lambda :[[25.01724729]]
INFO:root:====================
INFO:root:Evaluation iteration: 2
INFO:root:Lambda :[[5.]]C_lambda :[[22.15096481]]
INFO:root:====================
INFO:root:Evaluation iteration: 3
INFO:root:Lambda :[[-0.43659539]]C_lambda :[[-0.46801565]]
INFO:root:====================
INFO:root:Evaluation iteration: 4
INFO:root:Lambda :[[-0.60828129]]C_lambda :[[-0.17301403]]
INFO:root:====================
INFO:root:Evaluation iteration: 5
INFO:root:Lambda :[[2.73386756]]C_lambda :[[6.49964961]]
INFO:root:====================
INFO:root:Evaluation iteration: 6
INFO:root:Lambda :[[-2.55535782]]C_lambda :[[7.33682807]]
INFO:root:====================
INFO:root:Evaluation iteration: 7
INFO:root:Lambda :[[-0.32957472]]C_lambda :[[-0.49601706]]
INFO:root:====================
INFO:root:Evaluation iteration: 8
INFO:root:Lambda :[[-0.17398263]]C_lambda :[[-0.34741239]]
INFO:root:====================
INFO:root:Evaluation iteration: 9
INFO:root:Lambda :[[-0.25317995]]C_lambda :[[-0.44642514]]
INFO:root:====================
INFO:root:Evaluation iteration: 10
INFO:root:Lambda :[[-0.25197522]]C_lambda :[[-0.448461]]
INFO:root:Optimization complete
INFO:root:================================================
INFO:root:Best lambda
INFO:root:[-0.32957472]
INFO:root:best c_lambda
INFO:root:-0.49601705818794367
INFO:root:================================================
INFO:root:************************************************************
INFO:root:Bayeisan optimization
INFO:root:************************************************************
INFO:root:Running bo for xi=0.001
INFO:root:Results stored in :results/bo_result_0.pdf
INFO:root:generating initial values for bayesian optimization
INFO:root:Epoch 1/1, training loss: 0.2551688394767543                     , validation loss: 0.27375558018684387
INFO:root:	     precision: 0.9101
INFO:root:	        recall: 0.9123
INFO:root:	            F1: 0.8989
INFO:root:	      accuracy: 0.9187
INFO:root:Training time: 383.6232831478119s
INFO:root:====================
INFO:root:Evaluation iteration: 1
INFO:root:Epoch 1/1, training loss: 0.2534523883922336                     , validation loss: 0.2498108297586441
INFO:root:	     precision: 0.9217
INFO:root:	        recall: 0.9207
INFO:root:	            F1: 0.9100
INFO:root:	      accuracy: 0.9269
INFO:root:Training time: 416.94909501075745s
INFO:root:Lambda :[[0.27710657]]C_lambda :0.2534523883922336
INFO:root:====================
INFO:root:Evaluation iteration: 2
INFO:root:Epoch 1/1, training loss: 0.24551403785229972                     , validation loss: 0.18561750650405884
INFO:root:	     precision: 0.9381
INFO:root:	        recall: 0.9364
INFO:root:	            F1: 0.9287
INFO:root:	      accuracy: 0.9433
INFO:root:Training time: 418.0591070652008s
INFO:root:Lambda :[[0.27710657]]C_lambda :0.24551403785229972
INFO:root:====================
INFO:root:Evaluation iteration: 3
INFO:root:Epoch 1/1, training loss: 0.271027608269391                     , validation loss: 0.20873770117759705
INFO:root:	     precision: 0.9349
INFO:root:	        recall: 0.9348
INFO:root:	            F1: 0.9258
INFO:root:	      accuracy: 0.9407
INFO:root:Training time: 429.69053840637207s
INFO:root:Lambda :[[0.27710657]]C_lambda :0.271027608269391
INFO:root:====================
INFO:root:Evaluation iteration: 4
INFO:root:Epoch 1/1, training loss: 1.8173285914738972                     , validation loss: 1.6737176179885864
INFO:root:	     precision: 0.4769
INFO:root:	        recall: 0.4698
INFO:root:	            F1: 0.4366
INFO:root:	      accuracy: 0.4821
INFO:root:Training time: 455.95877957344055s
INFO:root:Lambda :[[0.0001]]C_lambda :1.8173285914738972
INFO:root:====================
INFO:root:Evaluation iteration: 5
INFO:root:Epoch 1/1, training loss: 0.252044891303995                     , validation loss: 0.2102697640657425
INFO:root:	     precision: 0.9401
INFO:root:	        recall: 0.9381
INFO:root:	            F1: 0.9296
INFO:root:	      accuracy: 0.9405
INFO:root:Training time: 413.5449092388153s
INFO:root:Lambda :[[0.27710657]]C_lambda :0.252044891303995
INFO:root:====================
INFO:root:Evaluation iteration: 6
INFO:root:Epoch 1/1, training loss: 0.2383738679301925                     , validation loss: 0.24372471868991852
INFO:root:	     precision: 0.9200
INFO:root:	        recall: 0.9192
INFO:root:	            F1: 0.9076
INFO:root:	      accuracy: 0.9256
INFO:root:Training time: 371.4299895763397s
INFO:root:Lambda :[[0.27710657]]C_lambda :0.2383738679301925
INFO:root:====================
INFO:root:Evaluation iteration: 7
INFO:root:Epoch 1/1, training loss: 0.2496840154881589                     , validation loss: 0.23508809506893158
INFO:root:	     precision: 0.9225
INFO:root:	        recall: 0.9208
INFO:root:	            F1: 0.9102
INFO:root:	      accuracy: 0.9302
INFO:root:Training time: 369.24121737480164s
INFO:root:Lambda :[[0.27710657]]C_lambda :0.2496840154881589
INFO:root:====================
INFO:root:Evaluation iteration: 8
INFO:root:Epoch 1/1, training loss: 0.27811015640702097                     , validation loss: 0.20236457884311676
INFO:root:	     precision: 0.9321
INFO:root:	        recall: 0.9308
INFO:root:	            F1: 0.9207
INFO:root:	      accuracy: 0.9375
INFO:root:Training time: 372.44407081604004s
INFO:root:Lambda :[[0.27710657]]C_lambda :0.27811015640702097
INFO:root:====================
INFO:root:Evaluation iteration: 9
INFO:root:Epoch 1/1, training loss: 0.28630949125940874                     , validation loss: 0.30755385756492615
INFO:root:	     precision: 0.9109
INFO:root:	        recall: 0.9118
INFO:root:	            F1: 0.8972
INFO:root:	      accuracy: 0.9167
INFO:root:Training time: 384.8613483905792s
INFO:root:Lambda :[[0.27710657]]C_lambda :0.28630949125940874
INFO:root:====================
INFO:root:Evaluation iteration: 10
INFO:root:Epoch 1/1, training loss: 0.24112648576740175                     , validation loss: 0.19144625961780548
INFO:root:	     precision: 0.9407
INFO:root:	        recall: 0.9400
INFO:root:	            F1: 0.9319
INFO:root:	      accuracy: 0.9448
INFO:root:Training time: 367.2962374687195s
INFO:root:Lambda :[[0.27710657]]C_lambda :0.24112648576740175
INFO:root:Optimization complete
INFO:root:================================================
INFO:root:Best learning rate
INFO:root:[0.27710657]
INFO:root:Lowest Loss
INFO:root:0.2383738679301925
INFO:root:================================================
INFO:root:********************
INFO:root:Bayesian optimization complete
INFO:root:********************
INFO:root:Running bo for xi=0.01
INFO:root:Results stored in :results/bo_result_1.pdf
INFO:root:generating initial values for bayesian optimization
INFO:root:Epoch 1/1, training loss: 0.21905173984766008                     , validation loss: 0.24698282778263092
INFO:root:	     precision: 0.9230
INFO:root:	        recall: 0.9223
INFO:root:	            F1: 0.9118
INFO:root:	      accuracy: 0.9308
INFO:root:Training time: 366.9465878009796s
INFO:root:====================
INFO:root:Evaluation iteration: 1
INFO:root:Epoch 1/1, training loss: 1.7665730569839477                     , validation loss: 1.6169887781143188
INFO:root:	     precision: 0.4875
INFO:root:	        recall: 0.4915
INFO:root:	            F1: 0.4534
INFO:root:	      accuracy: 0.5034
INFO:root:Training time: 369.9746174812317s
INFO:root:Lambda :[[0.0001]]C_lambda :1.7665730569839477
INFO:root:====================
INFO:root:Evaluation iteration: 2
INFO:root:Epoch 1/1, training loss: 0.2279221620566522                     , validation loss: 0.1795971542596817
INFO:root:	     precision: 0.9401
INFO:root:	        recall: 0.9409
INFO:root:	            F1: 0.9324
INFO:root:	      accuracy: 0.9493
INFO:root:Training time: 466.92994689941406s
INFO:root:Lambda :[[0.21997613]]C_lambda :0.2279221620566522
INFO:root:====================
INFO:root:Evaluation iteration: 3
INFO:root:Epoch 1/1, training loss: 0.22222546892402073                     , validation loss: 0.2235688716173172
INFO:root:	     precision: 0.9266
INFO:root:	        recall: 0.9257
INFO:root:	            F1: 0.9152
INFO:root:	      accuracy: 0.9329
INFO:root:Training time: 424.47616314888s
INFO:root:Lambda :[[0.19823806]]C_lambda :0.22222546892402073
INFO:root:====================
INFO:root:Evaluation iteration: 4
INFO:root:Epoch 1/1, training loss: 0.23141945892808338                     , validation loss: 0.22702310979366302
INFO:root:	     precision: 0.9254
INFO:root:	        recall: 0.9254
INFO:root:	            F1: 0.9150
INFO:root:	      accuracy: 0.9333
INFO:root:Training time: 406.7582919597626s
INFO:root:Lambda :[[0.19466903]]C_lambda :0.23141945892808338
INFO:root:====================
INFO:root:Evaluation iteration: 5
INFO:root:Epoch 1/1, training loss: 0.22080952603950477                     , validation loss: 0.18423499166965485
INFO:root:	     precision: 0.9424
INFO:root:	        recall: 0.9435
INFO:root:	            F1: 0.9340
INFO:root:	      accuracy: 0.9477
INFO:root:Training time: 504.3804988861084s
INFO:root:Lambda :[[0.18577383]]C_lambda :0.22080952603950477
INFO:root:====================
INFO:root:Evaluation iteration: 6
INFO:root:Epoch 1/1, training loss: 0.2240457859074076                     , validation loss: 0.19508980214595795
INFO:root:	     precision: 0.9420
INFO:root:	        recall: 0.9402
INFO:root:	            F1: 0.9316
INFO:root:	      accuracy: 0.9437
INFO:root:Training time: 506.0625171661377s
INFO:root:Lambda :[[0.18423958]]C_lambda :0.2240457859074076
INFO:root:====================
INFO:root:Evaluation iteration: 7
INFO:root:Epoch 1/1, training loss: 0.22606532607454186                     , validation loss: 0.29164186120033264
INFO:root:	     precision: 0.9128
INFO:root:	        recall: 0.9103
INFO:root:	            F1: 0.8980
INFO:root:	      accuracy: 0.9171
INFO:root:Training time: 400.92745208740234s
INFO:root:Lambda :[[0.18676452]]C_lambda :0.22606532607454186
INFO:root:====================
INFO:root:Evaluation iteration: 8
INFO:root:Epoch 1/1, training loss: 0.22857955036489294                     , validation loss: 0.18123453855514526
INFO:root:	     precision: 0.9426
INFO:root:	        recall: 0.9444
INFO:root:	            F1: 0.9355
INFO:root:	      accuracy: 0.9462
INFO:root:Training time: 364.38438081741333s
INFO:root:Lambda :[[0.18758459]]C_lambda :0.22857955036489294
INFO:root:====================
INFO:root:Evaluation iteration: 9
INFO:root:Epoch 1/1, training loss: 0.22046124106505885                     , validation loss: 0.20218943059444427
INFO:root:	     precision: 0.9320
INFO:root:	        recall: 0.9314
INFO:root:	            F1: 0.9218
INFO:root:	      accuracy: 0.9389
INFO:root:Training time: 363.6140718460083s
INFO:root:Lambda :[[0.18764662]]C_lambda :0.22046124106505885
INFO:root:====================
INFO:root:Evaluation iteration: 10
INFO:root:Epoch 1/1, training loss: 0.24641823532187068                     , validation loss: 0.2452227771282196
INFO:root:	     precision: 0.9202
INFO:root:	        recall: 0.9192
INFO:root:	            F1: 0.9076
INFO:root:	      accuracy: 0.9249
INFO:root:Training time: 365.41572618484497s
INFO:root:Lambda :[[0.18768985]]C_lambda :0.24641823532187068
INFO:root:Optimization complete
INFO:root:================================================
INFO:root:Best learning rate
INFO:root:[0.18281348]
INFO:root:Lowest Loss
INFO:root:0.21905173984766008
INFO:root:================================================
INFO:root:********************
INFO:root:Bayesian optimization complete
INFO:root:********************
INFO:root:Running bo for xi=0.1
INFO:root:Results stored in :results/bo_result_2.pdf
INFO:root:generating initial values for bayesian optimization
INFO:root:Epoch 1/1, training loss: 0.2202776051816841                     , validation loss: 0.23222748935222626
INFO:root:	     precision: 0.9307
INFO:root:	        recall: 0.9312
INFO:root:	            F1: 0.9214
INFO:root:	      accuracy: 0.9391
INFO:root:Training time: 477.24309754371643s
INFO:root:====================
INFO:root:Evaluation iteration: 1
INFO:root:Epoch 1/1, training loss: 1.75178874279658                     , validation loss: 1.5978347063064575
INFO:root:	     precision: 0.4966
INFO:root:	        recall: 0.4973
INFO:root:	            F1: 0.4593
INFO:root:	      accuracy: 0.5097
INFO:root:Training time: 501.47301721572876s
INFO:root:Lambda :[[0.0001]]C_lambda :1.75178874279658
INFO:root:====================
INFO:root:Evaluation iteration: 2
INFO:root:Epoch 1/1, training loss: 0.21531583188044218                     , validation loss: 0.2042085826396942
INFO:root:	     precision: 0.9282
INFO:root:	        recall: 0.9272
INFO:root:	            F1: 0.9172
INFO:root:	      accuracy: 0.9374
INFO:root:Training time: 504.65242552757263s
INFO:root:Lambda :[[0.16496318]]C_lambda :0.21531583188044218
INFO:root:====================
INFO:root:Evaluation iteration: 3
INFO:root:Epoch 1/1, training loss: 0.1932688214073889                     , validation loss: 0.19726960361003876
INFO:root:	     precision: 0.9341
INFO:root:	        recall: 0.9332
INFO:root:	            F1: 0.9247
INFO:root:	      accuracy: 0.9427
INFO:root:Training time: 503.1736629009247s
INFO:root:Lambda :[[0.10102972]]C_lambda :0.1932688214073889
INFO:root:====================
INFO:root:Evaluation iteration: 4
INFO:root:Epoch 1/1, training loss: 0.19542189991700773                     , validation loss: 0.20218059420585632
INFO:root:	     precision: 0.9347
INFO:root:	        recall: 0.9338
INFO:root:	            F1: 0.9251
INFO:root:	      accuracy: 0.9426
INFO:root:Training time: 503.5990753173828s
INFO:root:Lambda :[[0.12473141]]C_lambda :0.19542189991700773
INFO:root:====================
INFO:root:Evaluation iteration: 5
INFO:root:Epoch 1/1, training loss: 0.21444434047080577                     , validation loss: 0.23869025707244873
INFO:root:	     precision: 0.9249
INFO:root:	        recall: 0.9231
INFO:root:	            F1: 0.9127
INFO:root:	      accuracy: 0.9304
INFO:root:Training time: 506.28349924087524s
INFO:root:Lambda :[[0.01534125]]C_lambda :0.21444434047080577
INFO:root:====================
INFO:root:Evaluation iteration: 6
INFO:root:Epoch 1/1, training loss: 0.18023969582909097                     , validation loss: 0.2109338492155075
INFO:root:	     precision: 0.9349
INFO:root:	        recall: 0.9331
INFO:root:	            F1: 0.9244
INFO:root:	      accuracy: 0.9394
INFO:root:Training time: 429.8337106704712s
INFO:root:Lambda :[[0.03396503]]C_lambda :0.18023969582909097
INFO:root:====================
INFO:root:Evaluation iteration: 7
INFO:root:Epoch 1/1, training loss: 0.2463688379165406                     , validation loss: 0.19255447387695312
INFO:root:	     precision: 0.9406
INFO:root:	        recall: 0.9384
INFO:root:	            F1: 0.9306
INFO:root:	      accuracy: 0.9439
INFO:root:Training time: 495.293372631073s
INFO:root:Lambda :[[0.2049558]]C_lambda :0.2463688379165406
INFO:root:====================
INFO:root:Evaluation iteration: 8
INFO:root:Epoch 1/1, training loss: 0.17878852749907723                     , validation loss: 0.19897371530532837
INFO:root:	     precision: 0.9323
INFO:root:	        recall: 0.9321
INFO:root:	            F1: 0.9222
INFO:root:	      accuracy: 0.9376
INFO:root:Training time: 466.16216015815735s
INFO:root:Lambda :[[0.07596445]]C_lambda :0.17878852749907723
INFO:root:====================
INFO:root:Evaluation iteration: 9
INFO:root:Epoch 1/1, training loss: 0.25199842671553296                     , validation loss: 0.25889378786087036
INFO:root:	     precision: 0.9153
INFO:root:	        recall: 0.9168
INFO:root:	            F1: 0.9042
INFO:root:	      accuracy: 0.9228
INFO:root:Training time: 496.2299461364746s
INFO:root:Lambda :[[0.00890303]]C_lambda :0.25199842671553296
INFO:root:====================
INFO:root:Evaluation iteration: 10
INFO:root:Epoch 1/1, training loss: 0.18736110318129262                     , validation loss: 0.24534836411476135
INFO:root:	     precision: 0.9177
INFO:root:	        recall: 0.9169
INFO:root:	            F1: 0.9044
INFO:root:	      accuracy: 0.9237
INFO:root:Training time: 487.4796121120453s
INFO:root:Lambda :[[0.02631122]]C_lambda :0.18736110318129262
INFO:root:Optimization complete
INFO:root:================================================
INFO:root:Best learning rate
INFO:root:[0.07596445]
INFO:root:Lowest Loss
INFO:root:0.17878852749907723
INFO:root:================================================
INFO:root:********************
INFO:root:Bayesian optimization complete
INFO:root:********************
INFO:root:Running bo for xi=1
INFO:root:Results stored in :results/bo_result_3.pdf
INFO:root:generating initial values for bayesian optimization
INFO:root:Epoch 1/1, training loss: 0.21889891091156752                     , validation loss: 0.1959766298532486
INFO:root:	     precision: 0.9353
INFO:root:	        recall: 0.9360
INFO:root:	            F1: 0.9263
INFO:root:	      accuracy: 0.9404
INFO:root:Training time: 506.45354413986206s
INFO:root:====================
INFO:root:Evaluation iteration: 1
INFO:root:Epoch 1/1, training loss: 0.7335114295164744                     , validation loss: 0.6831828355789185
INFO:root:	     precision: 0.7728
INFO:root:	        recall: 0.7695
INFO:root:	            F1: 0.7429
INFO:root:	      accuracy: 0.7800
INFO:root:Training time: 574.9391810894012s
INFO:root:Lambda :[[0.00105984]]C_lambda :0.7335114295164744
INFO:root:====================
INFO:root:Evaluation iteration: 2
INFO:root:Epoch 1/1, training loss: 0.23979482130405183                     , validation loss: 0.20809872448444366
INFO:root:	     precision: 0.9332
INFO:root:	        recall: 0.9355
INFO:root:	            F1: 0.9250
INFO:root:	      accuracy: 0.9403
INFO:root:Training time: 507.32097458839417s
INFO:root:Lambda :[[0.24410848]]C_lambda :0.23979482130405183
INFO:root:====================
INFO:root:Evaluation iteration: 3
INFO:root:Epoch 1/1, training loss: 0.22430232266453096                     , validation loss: 0.19562195241451263
INFO:root:	     precision: 0.9320
INFO:root:	        recall: 0.9330
INFO:root:	            F1: 0.9233
INFO:root:	      accuracy: 0.9403
INFO:root:Training time: 531.9326829910278s
INFO:root:Lambda :[[0.1998385]]C_lambda :0.22430232266453096
INFO:root:====================
INFO:root:Evaluation iteration: 4
INFO:root:Epoch 1/1, training loss: 0.2284897665626059                     , validation loss: 0.23256933689117432
INFO:root:	     precision: 0.9271
INFO:root:	        recall: 0.9263
INFO:root:	            F1: 0.9164
INFO:root:	      accuracy: 0.9315
INFO:root:Training time: 381.09462451934814s
INFO:root:Lambda :[[0.19729709]]C_lambda :0.2284897665626059
INFO:root:====================
INFO:root:Evaluation iteration: 5
INFO:root:Epoch 1/1, training loss: 0.2432553130282089                     , validation loss: 0.2542937994003296
INFO:root:	     precision: 0.9247
INFO:root:	        recall: 0.9243
INFO:root:	            F1: 0.9123
INFO:root:	      accuracy: 0.9274
INFO:root:Training time: 439.33118987083435s
INFO:root:Lambda :[[0.18855596]]C_lambda :0.2432553130282089
INFO:root:====================
INFO:root:Evaluation iteration: 6
INFO:root:Epoch 1/1, training loss: 0.20336382096915817                     , validation loss: 0.25407660007476807
INFO:root:	     precision: 0.9220
INFO:root:	        recall: 0.9198
INFO:root:	            F1: 0.9096
INFO:root:	      accuracy: 0.9264
INFO:root:Training time: 515.822793006897s
INFO:root:Lambda :[[0.13805243]]C_lambda :0.20336382096915817
INFO:root:====================
INFO:root:Evaluation iteration: 7
INFO:root:Epoch 1/1, training loss: 0.21054313083061327                     , validation loss: 0.2177225649356842
INFO:root:	     precision: 0.9303
INFO:root:	        recall: 0.9292
INFO:root:	            F1: 0.9198
INFO:root:	      accuracy: 0.9357
INFO:root:Training time: 451.157386302948s
INFO:root:Lambda :[[0.14098422]]C_lambda :0.21054313083061327
INFO:root:====================
INFO:root:Evaluation iteration: 8
INFO:root:Epoch 1/1, training loss: 0.20210366862670828                     , validation loss: 0.21362902224063873
INFO:root:	     precision: 0.9359
INFO:root:	        recall: 0.9341
INFO:root:	            F1: 0.9245
INFO:root:	      accuracy: 0.9374
INFO:root:Training time: 530.2500059604645s
INFO:root:Lambda :[[0.1532811]]C_lambda :0.20210366862670828
INFO:root:====================
INFO:root:Evaluation iteration: 9
INFO:root:Epoch 1/1, training loss: 0.20864362720806773                     , validation loss: 0.2944502830505371
INFO:root:	     precision: 0.9184
INFO:root:	        recall: 0.9134
INFO:root:	            F1: 0.9019
INFO:root:	      accuracy: 0.9183
INFO:root:Training time: 510.88722944259644s
INFO:root:Lambda :[[0.14299544]]C_lambda :0.20864362720806773
INFO:root:====================
INFO:root:Evaluation iteration: 10
INFO:root:Epoch 1/1, training loss: 0.20987284698570147                     , validation loss: 0.2262529581785202
INFO:root:	     precision: 0.9266
INFO:root:	        recall: 0.9256
INFO:root:	            F1: 0.9147
INFO:root:	      accuracy: 0.9304
INFO:root:Training time: 528.0901322364807s
INFO:root:Lambda :[[0.14232226]]C_lambda :0.20987284698570147
INFO:root:Optimization complete
INFO:root:================================================
INFO:root:Best learning rate
INFO:root:[0.1532811]
INFO:root:Lowest Loss
INFO:root:0.20210366862670828
INFO:root:================================================
INFO:root:********************
INFO:root:Bayesian optimization complete
INFO:root:********************
